build/app/intermediates/manifest_merge_blame_file/debug/manifest-merger-blame-debug-report.txt
1<?xml version="1.0" encoding="utf-8"?>
2<manifest xmlns:android="http://schemas.android.com/apk/res/android"
3    package="com.pinitservices.admin"
4    android:versionCode="7"
5    android:versionName="1.0.0" >
6
7    <uses-sdk
8        android:minSdkVersion="20"
9        android:targetSdkVersion="33" />
10    <!--
11         Flutter needs it to communicate with the running application
12         to allow setting breakpoints, to provide hot reload, etc.
13    -->
14    <uses-permission android:name="android.permission.INTERNET" />
14-->src/main/AndroidManifest.xml:3:5-66
14-->src/main/AndroidManifest.xml:3:22-64
15    <uses-permission android:name="android.permission.ACCESS_FINE_LOCATION" />
15-->src/main/AndroidManifest.xml:4:5-79
15-->src/main/AndroidManifest.xml:4:22-76
16    <uses-permission android:name="android.permission.ACCESS_COARSE_LOCATION" />
16-->src/main/AndroidManifest.xml:5:5-81
16-->src/main/AndroidManifest.xml:5:22-78
17    <uses-permission android:name="android.permission.READ_EXTERNAL_STORAGE" />
17-->src/main/AndroidManifest.xml:7:5-80
17-->src/main/AndroidManifest.xml:7:22-77
18    <uses-permission android:name="android.permission.WRITE_EXTERNAL_STORAGE" />
18-->src/main/AndroidManifest.xml:8:5-81
18-->src/main/AndroidManifest.xml:8:22-78
19    <uses-permission android:name="android.permission.WAKE_LOCK" />
19-->[:firebase_messaging] AndroidManifest.xml:10:5-68
19-->[:firebase_messaging] AndroidManifest.xml:10:22-65
20    <uses-permission android:name="android.permission.ACCESS_NETWORK_STATE" /> <!-- Permissions options for the `notification` group -->
20-->[:firebase_messaging] AndroidManifest.xml:11:5-79
20-->[:firebase_messaging] AndroidManifest.xml:11:22-76
21    <uses-permission android:name="android.permission.POST_NOTIFICATIONS" />
21-->[:firebase_messaging] AndroidManifest.xml:13:5-77
21-->[:firebase_messaging] AndroidManifest.xml:13:22-74
22    <uses-permission android:name="android.permission.FOREGROUND_SERVICE" />
22-->[:geolocator_android] AndroidManifest.xml:9:5-77
22-->[:geolocator_android] AndroidManifest.xml:9:22-74
23
24    <queries>
24-->[:file_picker] AndroidManifest.xml:11:5-17:15
25        <intent>
25-->[:file_picker] AndroidManifest.xml:12:9-16:18
26            <action android:name="android.intent.action.GET_CONTENT" />
26-->[:file_picker] AndroidManifest.xml:13:13-72
26-->[:file_picker] AndroidManifest.xml:13:21-69
27
28            <data android:mimeType="*/*" />
28-->[:file_picker] AndroidManifest.xml:15:13-44
28-->[:file_picker] AndroidManifest.xml:15:19-41
29        </intent>
30        <intent>
30-->[:flutter_inappwebview] AndroidManifest.xml:10:9-12:18
31            <action android:name="android.support.customtabs.action.CustomTabsService" />
31-->[:flutter_inappwebview] AndroidManifest.xml:11:13-90
31-->[:flutter_inappwebview] AndroidManifest.xml:11:21-87
32        </intent> <!-- Needs to be explicitly declared on Android R+ -->
33        <package android:name="com.google.android.apps.maps" />
33-->[com.google.android.gms:play-services-maps:18.1.0] AndroidManifest.xml:33:9-64
33-->[com.google.android.gms:play-services-maps:18.1.0] AndroidManifest.xml:33:18-61
34    </queries> <!-- Required by older versions of Google Play services to create IID tokens -->
35    <uses-permission android:name="com.google.android.c2dm.permission.RECEIVE" />
35-->[com.google.firebase:firebase-messaging:23.1.0] AndroidManifest.xml:28:5-82
35-->[com.google.firebase:firebase-messaging:23.1.0] AndroidManifest.xml:28:22-79
36    <uses-permission android:name="com.google.android.gms.permission.AD_ID" />
36-->[com.google.android.gms:play-services-measurement-api:21.2.0] AndroidManifest.xml:25:5-79
36-->[com.google.android.gms:play-services-measurement-api:21.2.0] AndroidManifest.xml:25:22-76
37    <uses-permission android:name="android.permission.RECEIVE_BOOT_COMPLETED" />
37-->[androidx.work:work-runtime:2.7.0] AndroidManifest.xml:27:5-81
37-->[androidx.work:work-runtime:2.7.0] AndroidManifest.xml:27:22-78
38
39    <uses-feature
39-->[com.google.android.gms:play-services-maps:18.1.0] AndroidManifest.xml:26:5-28:35
40        android:glEsVersion="0x00020000"
40-->[com.google.android.gms:play-services-maps:18.1.0] AndroidManifest.xml:27:9-41
41        android:required="true" />
41-->[com.google.android.gms:play-services-maps:18.1.0] AndroidManifest.xml:28:9-32
42
43    <uses-permission android:name="com.google.android.finsky.permission.BIND_GET_INSTALL_REFERRER_SERVICE" />
43-->[com.google.android.gms:play-services-measurement:21.2.0] AndroidManifest.xml:26:5-110
43-->[com.google.android.gms:play-services-measurement:21.2.0] AndroidManifest.xml:26:22-107
44
45    <application
45-->src/main/AndroidManifest.xml:11:5-30:19
46        android:name="com.proximo.proximo_client.App"
46-->src/main/AndroidManifest.xml:11:43-61
47        android:appComponentFactory="androidx.core.app.CoreComponentFactory"
47-->[androidx.core:core:1.8.0] AndroidManifest.xml:24:18-86
48        android:debuggable="true"
49        android:enableOnBackInvokedCallback="true"
49-->src/main/AndroidManifest.xml:11:99-141
50        android:icon="@mipmap/launcher_icon"
50-->src/main/AndroidManifest.xml:11:62-98
51        android:label="CONTROLE" >
51-->src/main/AndroidManifest.xml:11:18-42
52        <meta-data
52-->src/main/AndroidManifest.xml:13:9-124
53            android:name="com.google.android.geo.API_KEY"
53-->src/main/AndroidManifest.xml:13:20-65
54            android:value="AIzaSyDMhDn_OAdNDTZTEAvjqRdd1MHq-Ti5RDo" />
54-->src/main/AndroidManifest.xml:13:66-121
55
56        <activity
56-->src/main/AndroidManifest.xml:15:9-25:20
57            android:name="com.proximo.proximo_client.MainActivity"
57-->src/main/AndroidManifest.xml:15:19-47
58            android:configChanges="orientation|keyboardHidden|keyboard|screenSize|smallestScreenSize|locale|layoutDirection|fontScale|screenLayout|density|uiMode"
58-->src/main/AndroidManifest.xml:15:138-288
59            android:exported="true"
59-->src/main/AndroidManifest.xml:15:48-71
60            android:hardwareAccelerated="true"
60-->src/main/AndroidManifest.xml:15:289-323
61            android:launchMode="singleTop"
61-->src/main/AndroidManifest.xml:15:72-102
62            android:theme="@style/LaunchTheme"
62-->src/main/AndroidManifest.xml:15:103-137
63            android:windowSoftInputMode="adjustResize" >
63-->src/main/AndroidManifest.xml:15:324-366
64
65            <!--
66                 Specifies an Android theme to apply to this Activity as soon as
67                 the Android process has started. This theme is visible to the user
68                 while the Flutter UI initializes. After that, this theme continues
69                 to determine the Window background behind the Flutter UI.
70            -->
71            <meta-data
71-->src/main/AndroidManifest.xml:20:13-120
72                android:name="io.flutter.embedding.android.NormalTheme"
72-->src/main/AndroidManifest.xml:20:24-79
73                android:resource="@style/NormalTheme" />
73-->src/main/AndroidManifest.xml:20:80-117
74
75            <intent-filter>
75-->src/main/AndroidManifest.xml:21:13-24:29
76                <action android:name="android.intent.action.MAIN" />
76-->src/main/AndroidManifest.xml:22:17-68
76-->src/main/AndroidManifest.xml:22:25-66
77
78                <category android:name="android.intent.category.LAUNCHER" />
78-->src/main/AndroidManifest.xml:23:17-76
78-->src/main/AndroidManifest.xml:23:27-74
79            </intent-filter>
80        </activity>
81        <activity
81-->src/main/AndroidManifest.xml:26:9-188
82            android:name="com.yalantis.ucrop.UCropActivity"
82-->src/main/AndroidManifest.xml:26:19-66
83            android:exported="false"
83-->src/main/AndroidManifest.xml:26:67-91
84            android:screenOrientation="portrait"
84-->src/main/AndroidManifest.xml:26:92-128
85            android:theme="@style/Theme.AppCompat.Light.NoActionBar" />
85-->src/main/AndroidManifest.xml:26:129-185
86        <!--
87             Don't delete the meta-data below.
88             This is used by the Flutter tool to generate GeneratedPluginRegistrant.java
89        -->
90        <meta-data
90-->src/main/AndroidManifest.xml:29:9-72
91            android:name="flutterEmbedding"
91-->src/main/AndroidManifest.xml:29:20-51
92            android:value="2" />
92-->src/main/AndroidManifest.xml:29:52-69
93
94        <service
94-->[:firebase_messaging] AndroidManifest.xml:16:9-19:72
95            android:name="io.flutter.plugins.firebase.messaging.FlutterFirebaseMessagingBackgroundService"
95-->[:firebase_messaging] AndroidManifest.xml:17:13-107
96            android:exported="false"
96-->[:firebase_messaging] AndroidManifest.xml:18:13-37
97            android:permission="android.permission.BIND_JOB_SERVICE" />
97-->[:firebase_messaging] AndroidManifest.xml:19:13-69
98        <service
98-->[:firebase_messaging] AndroidManifest.xml:20:9-26:19
99            android:name="io.flutter.plugins.firebase.messaging.FlutterFirebaseMessagingService"
99-->[:firebase_messaging] AndroidManifest.xml:21:13-97
100            android:exported="false" >
100-->[:firebase_messaging] AndroidManifest.xml:22:13-37
101            <intent-filter>
101-->[:firebase_messaging] AndroidManifest.xml:23:13-25:29
102                <action android:name="com.google.firebase.MESSAGING_EVENT" />
102-->[:firebase_messaging] AndroidManifest.xml:24:17-78
102-->[:firebase_messaging] AndroidManifest.xml:24:25-75
103            </intent-filter>
104        </service>
105
106        <receiver
106-->[:firebase_messaging] AndroidManifest.xml:28:9-35:20
107            android:name="io.flutter.plugins.firebase.messaging.FlutterFirebaseMessagingReceiver"
107-->[:firebase_messaging] AndroidManifest.xml:29:13-98
108            android:exported="true"
108-->[:firebase_messaging] AndroidManifest.xml:30:13-36
109            android:permission="com.google.android.c2dm.permission.SEND" >
109-->[:firebase_messaging] AndroidManifest.xml:31:13-73
110            <intent-filter>
110-->[:firebase_messaging] AndroidManifest.xml:32:13-34:29
111                <action android:name="com.google.android.c2dm.intent.RECEIVE" />
111-->[:firebase_messaging] AndroidManifest.xml:33:17-81
111-->[:firebase_messaging] AndroidManifest.xml:33:25-78
112            </intent-filter>
113        </receiver>
114
115        <service
115-->[:firebase_messaging] AndroidManifest.xml:37:9-41:19
116            android:name="com.google.firebase.components.ComponentDiscoveryService"
116-->[:firebase_messaging] AndroidManifest.xml:37:18-89
117            android:directBootAware="true"
117-->[com.google.firebase:firebase-common:20.2.0] AndroidManifest.xml:34:13-43
118            android:exported="false" >
118-->[com.google.firebase:firebase-messaging:23.1.0] AndroidManifest.xml:54:13-37
119            <meta-data
119-->[:firebase_messaging] AndroidManifest.xml:38:13-40:85
120                android:name="com.google.firebase.components:io.flutter.plugins.firebase.messaging.FlutterFirebaseAppRegistrar"
120-->[:firebase_messaging] AndroidManifest.xml:39:17-128
121                android:value="com.google.firebase.components.ComponentRegistrar" />
121-->[:firebase_messaging] AndroidManifest.xml:40:17-82
122            <meta-data
122-->[:firebase_core] AndroidManifest.xml:11:13-13:85
123                android:name="com.google.firebase.components:io.flutter.plugins.firebase.core.FlutterFirebaseCoreRegistrar"
123-->[:firebase_core] AndroidManifest.xml:12:17-124
124                android:value="com.google.firebase.components.ComponentRegistrar" />
124-->[:firebase_core] AndroidManifest.xml:13:17-82
125            <meta-data
125-->[com.google.firebase:firebase-messaging:23.1.0] AndroidManifest.xml:55:13-57:85
126                android:name="com.google.firebase.components:com.google.firebase.messaging.FirebaseMessagingRegistrar"
126-->[com.google.firebase:firebase-messaging:23.1.0] AndroidManifest.xml:56:17-119
127                android:value="com.google.firebase.components.ComponentRegistrar" />
127-->[com.google.firebase:firebase-messaging:23.1.0] AndroidManifest.xml:57:17-82
128            <meta-data
128-->[com.google.firebase:firebase-auth:21.1.0] AndroidManifest.xml:67:13-69:85
129                android:name="com.google.firebase.components:com.google.firebase.auth.FirebaseAuthRegistrar"
129-->[com.google.firebase:firebase-auth:21.1.0] AndroidManifest.xml:68:17-109
130                android:value="com.google.firebase.components.ComponentRegistrar" />
130-->[com.google.firebase:firebase-auth:21.1.0] AndroidManifest.xml:69:17-82
131            <meta-data
131-->[com.google.firebase:firebase-datatransport:18.1.7] AndroidManifest.xml:27:13-29:85
132                android:name="com.google.firebase.components:com.google.firebase.datatransport.TransportRegistrar"
132-->[com.google.firebase:firebase-datatransport:18.1.7] AndroidManifest.xml:28:17-115
133                android:value="com.google.firebase.components.ComponentRegistrar" />
133-->[com.google.firebase:firebase-datatransport:18.1.7] AndroidManifest.xml:29:17-82
134            <meta-data
134-->[com.google.firebase:firebase-iid:21.1.0] AndroidManifest.xml:32:13-34:85
135                android:name="com.google.firebase.components:com.google.firebase.iid.Registrar"
135-->[com.google.firebase:firebase-iid:21.1.0] AndroidManifest.xml:33:17-96
136                android:value="com.google.firebase.components.ComponentRegistrar" />
136-->[com.google.firebase:firebase-iid:21.1.0] AndroidManifest.xml:34:17-82
137            <meta-data
137-->[com.google.android.gms:play-services-measurement-api:21.2.0] AndroidManifest.xml:31:13-33:85
138                android:name="com.google.firebase.components:com.google.firebase.analytics.connector.internal.AnalyticsConnectorRegistrar"
138-->[com.google.android.gms:play-services-measurement-api:21.2.0] AndroidManifest.xml:32:17-139
139                android:value="com.google.firebase.components.ComponentRegistrar" />
139-->[com.google.android.gms:play-services-measurement-api:21.2.0] AndroidManifest.xml:33:17-82
140            <meta-data
140-->[com.google.firebase:firebase-installations:17.1.0] AndroidManifest.xml:17:13-19:85
141                android:name="com.google.firebase.components:com.google.firebase.installations.FirebaseInstallationsRegistrar"
141-->[com.google.firebase:firebase-installations:17.1.0] AndroidManifest.xml:18:17-127
142                android:value="com.google.firebase.components.ComponentRegistrar" />
142-->[com.google.firebase:firebase-installations:17.1.0] AndroidManifest.xml:19:17-82
143        </service>
144
145        <provider
145-->[:firebase_messaging] AndroidManifest.xml:43:9-47:38
146            android:name="io.flutter.plugins.firebase.messaging.FlutterFirebaseMessagingInitProvider"
146-->[:firebase_messaging] AndroidManifest.xml:44:13-102
147            android:authorities="com.pinitservices.admin.flutterfirebasemessaginginitprovider"
147-->[:firebase_messaging] AndroidManifest.xml:45:13-88
148            android:exported="false"
148-->[:firebase_messaging] AndroidManifest.xml:46:13-37
149            android:initOrder="99" />
149-->[:firebase_messaging] AndroidManifest.xml:47:13-35
150
151        <service
151-->[:geolocator_android] AndroidManifest.xml:12:9-16:56
152            android:name="com.baseflow.geolocator.GeolocatorLocationService"
152-->[:geolocator_android] AndroidManifest.xml:13:13-77
153            android:enabled="true"
153-->[:geolocator_android] AndroidManifest.xml:14:13-35
154            android:exported="false"
154-->[:geolocator_android] AndroidManifest.xml:15:13-37
155            android:foregroundServiceType="location" />
155-->[:geolocator_android] AndroidManifest.xml:16:13-53
156
157        <provider
157-->[:image_picker_android] AndroidManifest.xml:10:9-18:20
158            android:name="io.flutter.plugins.imagepicker.ImagePickerFileProvider"
158-->[:image_picker_android] AndroidManifest.xml:11:13-82
159            android:authorities="com.pinitservices.admin.flutter.image_provider"
159-->[:image_picker_android] AndroidManifest.xml:12:13-74
160            android:exported="false"
160-->[:image_picker_android] AndroidManifest.xml:13:13-37
161            android:grantUriPermissions="true" >
161-->[:image_picker_android] AndroidManifest.xml:14:13-47
162            <meta-data
162-->[:image_picker_android] AndroidManifest.xml:15:13-17:75
163                android:name="android.support.FILE_PROVIDER_PATHS"
163-->[:image_picker_android] AndroidManifest.xml:16:17-67
164                android:resource="@xml/flutter_image_picker_file_paths" />
164-->[:image_picker_android] AndroidManifest.xml:17:17-72
165        </provider>
166
167        <activity
167-->[:url_launcher_android] AndroidManifest.xml:10:9-13:74
168            android:name="io.flutter.plugins.urllauncher.WebViewActivity"
168-->[:url_launcher_android] AndroidManifest.xml:11:13-74
169            android:exported="false"
169-->[:url_launcher_android] AndroidManifest.xml:12:13-37
170            android:theme="@android:style/Theme.NoTitleBar.Fullscreen" />
170-->[:url_launcher_android] AndroidManifest.xml:13:13-71
171        <activity
171-->[:flutter_inappwebview] AndroidManifest.xml:16:9-20:47
172            android:name="com.pichillilorenzo.flutter_inappwebview.in_app_browser.InAppBrowserActivity"
172-->[:flutter_inappwebview] AndroidManifest.xml:17:13-104
173            android:configChanges="orientation|keyboardHidden|keyboard|screenSize|locale|layoutDirection|fontScale|screenLayout|density"
173-->[:flutter_inappwebview] AndroidManifest.xml:18:13-137
174            android:exported="false"
174-->[:flutter_inappwebview] AndroidManifest.xml:19:13-37
175            android:theme="@style/AppTheme" />
175-->[:flutter_inappwebview] AndroidManifest.xml:20:13-44
176        <activity
176-->[:flutter_inappwebview] AndroidManifest.xml:21:9-24:55
177            android:name="com.pichillilorenzo.flutter_inappwebview.chrome_custom_tabs.ChromeCustomTabsActivity"
177-->[:flutter_inappwebview] AndroidManifest.xml:22:13-112
178            android:exported="false"
178-->[:flutter_inappwebview] AndroidManifest.xml:23:13-37
179            android:theme="@style/ThemeTransparent" />
179-->[:flutter_inappwebview] AndroidManifest.xml:24:13-52
180        <activity
180-->[:flutter_inappwebview] AndroidManifest.xml:25:9-28:55
181            android:name="com.pichillilorenzo.flutter_inappwebview.chrome_custom_tabs.TrustedWebActivity"
181-->[:flutter_inappwebview] AndroidManifest.xml:26:13-106
182            android:exported="false"
182-->[:flutter_inappwebview] AndroidManifest.xml:27:13-37
183            android:theme="@style/ThemeTransparent" />
183-->[:flutter_inappwebview] AndroidManifest.xml:28:13-52
184        <activity
184-->[:flutter_inappwebview] AndroidManifest.xml:29:9-33:55
185            android:name="com.pichillilorenzo.flutter_inappwebview.chrome_custom_tabs.ChromeCustomTabsActivitySingleInstance"
185-->[:flutter_inappwebview] AndroidManifest.xml:30:13-126
186            android:exported="false"
186-->[:flutter_inappwebview] AndroidManifest.xml:31:13-37
187            android:launchMode="singleInstance"
187-->[:flutter_inappwebview] AndroidManifest.xml:32:13-48
188            android:theme="@style/ThemeTransparent" />
188-->[:flutter_inappwebview] AndroidManifest.xml:33:13-52
189        <activity
189-->[:flutter_inappwebview] AndroidManifest.xml:34:9-38:55
190            android:name="com.pichillilorenzo.flutter_inappwebview.chrome_custom_tabs.TrustedWebActivitySingleInstance"
190-->[:flutter_inappwebview] AndroidManifest.xml:35:13-120
191            android:exported="false"
191-->[:flutter_inappwebview] AndroidManifest.xml:36:13-37
192            android:launchMode="singleInstance"
192-->[:flutter_inappwebview] AndroidManifest.xml:37:13-48
193            android:theme="@style/ThemeTransparent" />
193-->[:flutter_inappwebview] AndroidManifest.xml:38:13-52
194
195        <receiver
195-->[:flutter_inappwebview] AndroidManifest.xml:40:9-43:40
196            android:name="com.pichillilorenzo.flutter_inappwebview.chrome_custom_tabs.ActionBroadcastReceiver"
196-->[:flutter_inappwebview] AndroidManifest.xml:41:13-111
197            android:enabled="true"
197-->[:flutter_inappwebview] AndroidManifest.xml:42:13-35
198            android:exported="false" />
198-->[:flutter_inappwebview] AndroidManifest.xml:43:13-37
199
200        <meta-data
200-->[:flutter_inappwebview] AndroidManifest.xml:45:9-47:36
201            android:name="io.flutter.embedded_views_preview"
201-->[:flutter_inappwebview] AndroidManifest.xml:46:13-61
202            android:value="true" />
202-->[:flutter_inappwebview] AndroidManifest.xml:47:13-33
203
204        <provider
204-->[:share] AndroidManifest.xml:10:9-18:20
205            android:name="io.flutter.plugins.share.ShareFileProvider"
205-->[:share] AndroidManifest.xml:11:13-70
206            android:authorities="com.pinitservices.admin.flutter.share_provider"
206-->[:share] AndroidManifest.xml:12:13-74
207            android:exported="false"
207-->[:share] AndroidManifest.xml:13:13-37
208            android:grantUriPermissions="true" >
208-->[:share] AndroidManifest.xml:14:13-47
209            <meta-data
209-->[:image_picker_android] AndroidManifest.xml:15:13-17:75
210                android:name="android.support.FILE_PROVIDER_PATHS"
210-->[:image_picker_android] AndroidManifest.xml:16:17-67
211                android:resource="@xml/flutter_share_file_paths" />
211-->[:image_picker_android] AndroidManifest.xml:17:17-72
212        </provider>
213
214        <receiver
214-->[com.google.firebase:firebase-messaging:23.1.0] AndroidManifest.xml:31:9-38:20
215            android:name="com.google.firebase.iid.FirebaseInstanceIdReceiver"
215-->[com.google.firebase:firebase-messaging:23.1.0] AndroidManifest.xml:32:13-78
216            android:exported="true"
216-->[com.google.firebase:firebase-messaging:23.1.0] AndroidManifest.xml:33:13-36
217            android:permission="com.google.android.c2dm.permission.SEND" >
217-->[com.google.firebase:firebase-messaging:23.1.0] AndroidManifest.xml:34:13-73
218            <intent-filter>
218-->[:firebase_messaging] AndroidManifest.xml:32:13-34:29
219                <action android:name="com.google.android.c2dm.intent.RECEIVE" />
219-->[:firebase_messaging] AndroidManifest.xml:33:17-81
219-->[:firebase_messaging] AndroidManifest.xml:33:25-78
220            </intent-filter>
221        </receiver>
222        <!--
223             FirebaseMessagingService performs security checks at runtime,
224             but set to not exported to explicitly avoid allowing another app to call it.
225        -->
226        <service
226-->[com.google.firebase:firebase-messaging:23.1.0] AndroidManifest.xml:44:9-51:19
227            android:name="com.google.firebase.messaging.FirebaseMessagingService"
227-->[com.google.firebase:firebase-messaging:23.1.0] AndroidManifest.xml:45:13-82
228            android:directBootAware="true"
228-->[com.google.firebase:firebase-messaging:23.1.0] AndroidManifest.xml:46:13-43
229            android:exported="false" >
229-->[com.google.firebase:firebase-messaging:23.1.0] AndroidManifest.xml:47:13-37
230            <intent-filter android:priority="-500" >
230-->[:firebase_messaging] AndroidManifest.xml:23:13-25:29
231                <action android:name="com.google.firebase.MESSAGING_EVENT" />
231-->[:firebase_messaging] AndroidManifest.xml:24:17-78
231-->[:firebase_messaging] AndroidManifest.xml:24:25-75
232            </intent-filter>
233        </service>
234
235        <activity
235-->[com.google.firebase:firebase-auth:21.1.0] AndroidManifest.xml:27:9-44:20
236            android:name="com.google.firebase.auth.internal.GenericIdpActivity"
236-->[com.google.firebase:firebase-auth:21.1.0] AndroidManifest.xml:28:13-80
237            android:excludeFromRecents="true"
237-->[com.google.firebase:firebase-auth:21.1.0] AndroidManifest.xml:29:13-46
238            android:exported="true"
238-->[com.google.firebase:firebase-auth:21.1.0] AndroidManifest.xml:30:13-36
239            android:launchMode="singleTask"
239-->[com.google.firebase:firebase-auth:21.1.0] AndroidManifest.xml:31:13-44
240            android:theme="@android:style/Theme.Translucent.NoTitleBar" >
240-->[com.google.firebase:firebase-auth:21.1.0] AndroidManifest.xml:32:13-72
241            <intent-filter>
241-->[com.google.firebase:firebase-auth:21.1.0] AndroidManifest.xml:33:13-43:29
242                <action android:name="android.intent.action.VIEW" />
242-->[com.google.firebase:firebase-auth:21.1.0] AndroidManifest.xml:34:17-69
242-->[com.google.firebase:firebase-auth:21.1.0] AndroidManifest.xml:34:25-66
243
244                <category android:name="android.intent.category.DEFAULT" />
244-->[com.google.firebase:firebase-auth:21.1.0] AndroidManifest.xml:36:17-76
244-->[com.google.firebase:firebase-auth:21.1.0] AndroidManifest.xml:36:27-73
245                <category android:name="android.intent.category.BROWSABLE" />
245-->[com.google.firebase:firebase-auth:21.1.0] AndroidManifest.xml:37:17-78
245-->[com.google.firebase:firebase-auth:21.1.0] AndroidManifest.xml:37:27-75
246
247                <data
247-->[:file_picker] AndroidManifest.xml:15:13-44
248                    android:host="firebase.auth"
249                    android:path="/"
250                    android:scheme="genericidp" />
251            </intent-filter>
252        </activity>
253        <activity
253-->[com.google.firebase:firebase-auth:21.1.0] AndroidManifest.xml:45:9-62:20
254            android:name="com.google.firebase.auth.internal.RecaptchaActivity"
254-->[com.google.firebase:firebase-auth:21.1.0] AndroidManifest.xml:46:13-79
255            android:excludeFromRecents="true"
255-->[com.google.firebase:firebase-auth:21.1.0] AndroidManifest.xml:47:13-46
256            android:exported="true"
256-->[com.google.firebase:firebase-auth:21.1.0] AndroidManifest.xml:48:13-36
257            android:launchMode="singleTask"
257-->[com.google.firebase:firebase-auth:21.1.0] AndroidManifest.xml:49:13-44
258            android:theme="@android:style/Theme.Translucent.NoTitleBar" >
258-->[com.google.firebase:firebase-auth:21.1.0] AndroidManifest.xml:50:13-72
259            <intent-filter>
259-->[com.google.firebase:firebase-auth:21.1.0] AndroidManifest.xml:51:13-61:29
260                <action android:name="android.intent.action.VIEW" />
260-->[com.google.firebase:firebase-auth:21.1.0] AndroidManifest.xml:34:17-69
260-->[com.google.firebase:firebase-auth:21.1.0] AndroidManifest.xml:34:25-66
261
262                <category android:name="android.intent.category.DEFAULT" />
262-->[com.google.firebase:firebase-auth:21.1.0] AndroidManifest.xml:36:17-76
262-->[com.google.firebase:firebase-auth:21.1.0] AndroidManifest.xml:36:27-73
263                <category android:name="android.intent.category.BROWSABLE" />
263-->[com.google.firebase:firebase-auth:21.1.0] AndroidManifest.xml:37:17-78
263-->[com.google.firebase:firebase-auth:21.1.0] AndroidManifest.xml:37:27-75
264
265                <data
265-->[:file_picker] AndroidManifest.xml:15:13-44
266                    android:host="firebase.auth"
267                    android:path="/"
268                    android:scheme="recaptcha" />
269            </intent-filter>
270        </activity>
271
272        <service
272-->[com.google.android.datatransport:transport-backend-cct:3.1.8] AndroidManifest.xml:28:9-34:19
273            android:name="com.google.android.datatransport.runtime.backends.TransportBackendDiscovery"
273-->[com.google.android.datatransport:transport-backend-cct:3.1.8] AndroidManifest.xml:29:13-103
274            android:exported="false" >
274-->[com.google.android.datatransport:transport-backend-cct:3.1.8] AndroidManifest.xml:30:13-37
275            <meta-data
275-->[com.google.android.datatransport:transport-backend-cct:3.1.8] AndroidManifest.xml:31:13-33:39
276                android:name="backend:com.google.android.datatransport.cct.CctBackendFactory"
276-->[com.google.android.datatransport:transport-backend-cct:3.1.8] AndroidManifest.xml:32:17-94
277                android:value="cct" />
277-->[com.google.android.datatransport:transport-backend-cct:3.1.8] AndroidManifest.xml:33:17-36
278        </service>
279        <service
279-->[com.google.android.datatransport:transport-runtime:3.1.8] AndroidManifest.xml:26:9-30:19
280            android:name="com.google.android.datatransport.runtime.scheduling.jobscheduling.JobInfoSchedulerService"
280-->[com.google.android.datatransport:transport-runtime:3.1.8] AndroidManifest.xml:27:13-117
281            android:exported="false"
281-->[com.google.android.datatransport:transport-runtime:3.1.8] AndroidManifest.xml:28:13-37
282            android:permission="android.permission.BIND_JOB_SERVICE" >
282-->[com.google.android.datatransport:transport-runtime:3.1.8] AndroidManifest.xml:29:13-69
283        </service>
284
285        <receiver
285-->[com.google.android.datatransport:transport-runtime:3.1.8] AndroidManifest.xml:32:9-34:40
286            android:name="com.google.android.datatransport.runtime.scheduling.jobscheduling.AlarmManagerSchedulerBroadcastReceiver"
286-->[com.google.android.datatransport:transport-runtime:3.1.8] AndroidManifest.xml:33:13-132
287            android:exported="false" />
287-->[com.google.android.datatransport:transport-runtime:3.1.8] AndroidManifest.xml:34:13-37
288
289        <provider
289-->[com.google.firebase:firebase-common:20.2.0] AndroidManifest.xml:25:9-30:39
290            android:name="com.google.firebase.provider.FirebaseInitProvider"
290-->[com.google.firebase:firebase-common:20.2.0] AndroidManifest.xml:26:13-77
291            android:authorities="com.pinitservices.admin.firebaseinitprovider"
291-->[com.google.firebase:firebase-common:20.2.0] AndroidManifest.xml:27:13-72
292            android:directBootAware="true"
292-->[com.google.firebase:firebase-common:20.2.0] AndroidManifest.xml:28:13-43